<?xml version="1.0" encoding="UTF-8"?>
<coverage generated="1643608682111" clover="3.2.0">
  <project timestamp="1643608682111" name="All files">
    <metrics statements="7" coveredstatements="2" conditionals="0" coveredconditionals="0" methods="4" coveredmethods="1" elements="11" coveredelements="3" complexity="0" loc="7" ncloc="7" packages="1" files="1" classes="1"/>
    <file name="Login.vue" path="/Users/Sheyla/Progect/catalog/catalog/src/components/authorization/Login.vue">
      <metrics statements="7" coveredstatements="2" conditionals="0" coveredconditionals="0" methods="4" coveredmethods="1"/>
      <line num="32" count="1" type="stmt"/>
      <line num="35" count="1" type="stmt"/>
      <line num="42" count="0" type="stmt"/>
      <line num="43" count="0" type="stmt"/>
      <line num="44" count="0" type="stmt"/>
      <line num="45" count="0" type="stmt"/>
      <line num="46" count="0" type="stmt"/>
    </file>
  </project>
</coverage>
