{"/Users/Sheyla/Progect/catalog/catalog/src/components/authorization/Login.vue": {"path":"/Users/Sheyla/Progect/catalog/catalog/src/components/authorization/Login.vue","statementMap":{"0":{"start":{"line":32,"column":15},"end":{"line":32,"column":null}},"1":{"start":{"line":35,"column":4},"end":{"line":35,"column":11}},"2":{"start":{"line":42,"column":18},"end":{"line":42,"column":null}},"3":{"start":{"line":43,"column":21},"end":{"line":43,"column":null}},"4":{"start":{"line":44,"column":6},"end":{"line":44,"column":11}},"5":{"start":{"line":45,"column":22},"end":{"line":45,"column":27}},"6":{"start":{"line":46,"column":24},"end":{"line":46,"column":31}}},"fnMap":{"0":{"name":"(anonymous_0)","decl":{"start":{"line":34,"column":2},"end":{"line":34,"column":6}},"loc":{"start":{"line":34,"column":8},"end":{"line":39,"column":null}}},"1":{"name":"(anonymous_1)","decl":{"start":{"line":41,"column":11},"end":{"line":41,"column":23}},"loc":{"start":{"line":41,"column":23},"end":{"line":47,"column":null}}},"2":{"name":"(anonymous_2)","decl":{"start":{"line":45,"column":16},"end":{"line":45,"column":22}},"loc":{"start":{"line":45,"column":22},"end":{"line":45,"column":27}}},"3":{"name":"(anonymous_3)","decl":{"start":{"line":46,"column":17},"end":{"line":46,"column":20}},"loc":{"start":{"line":46,"column":24},"end":{"line":46,"column":31}}}},"branchMap":{},"s":{"0":1,"1":1,"2":0,"3":0,"4":0,"5":0,"6":0},"f":{"0":1,"1":0,"2":0,"3":0},"b":{}}
}
